<?xml version="1.0" encoding="UTF-8"?>
<testng-results skipped="0" failed="0" ignored="0" total="1" passed="1">
  <reporter-output>
  </reporter-output>
  <suite name="Default suite" duration-ms="19222" started-at="2020-01-16T12:38:59Z" finished-at="2020-01-16T12:39:18Z">
    <groups>
    </groups>
    <test name="Default test" duration-ms="19222" started-at="2020-01-16T12:38:59Z" finished-at="2020-01-16T12:39:18Z">
      <class name="com.cg.assertion.AssertionValidation">
        <test-method status="PASS" signature="test1()[pri:0, instance:com.cg.assertion.AssertionValidation@4678c730]" name="test1" duration-ms="19150" started-at="2020-01-16T12:38:59Z" finished-at="2020-01-16T12:39:18Z">
          <reporter-output>
          </reporter-output>
        </test-method> <!-- test1 -->
      </class> <!-- com.cg.assertion.AssertionValidation -->
    </test> <!-- Default test -->
  </suite> <!-- Default suite -->
</testng-results>
