<?xml version="1.0" encoding="UTF-8"?>
<testng-results skipped="0" failed="1" ignored="0" total="1" passed="0">
  <reporter-output>
  </reporter-output>
  <suite name="Default suite" duration-ms="806" started-at="2020-01-25T13:51:58Z" finished-at="2020-01-25T13:51:59Z">
    <groups>
      <group name="cucumber">
        <method signature="AbstractTestNGCucumberTests.feature(cucumber.api.testng.CucumberFeatureWrapper)[pri:0, instance:com.capgemini.forestrymanagementcucumber.runner.Runner@53b32d7]" name="feature" class="cucumber.api.testng.AbstractTestNGCucumberTests"/>
      </group> <!-- cucumber -->
    </groups>
    <test name="Default test" duration-ms="806" started-at="2020-01-25T13:51:58Z" finished-at="2020-01-25T13:51:59Z">
      <class name="com.capgemini.forestrymanagementcucumber.runner.Runner">
        <test-method status="PASS" signature="setUpClass()[pri:0, instance:com.capgemini.forestrymanagementcucumber.runner.Runner@53b32d7]" name="setUpClass" is-config="true" duration-ms="479" started-at="2020-01-25T13:51:58Z" finished-at="2020-01-25T13:51:59Z">
          <reporter-output>
          </reporter-output>
        </test-method> <!-- setUpClass -->
        <test-method status="FAIL" signature="feature(cucumber.api.testng.CucumberFeatureWrapper)[pri:0, instance:com.capgemini.forestrymanagementcucumber.runner.Runner@53b32d7]" name="feature" duration-ms="9" started-at="2020-01-25T13:51:59Z" description="Runs Cucumber Feature" data-provider="features" finished-at="2020-01-25T13:51:59Z">
          <params>
            <param index="0">
              <value>
                <![CDATA[cucumber.api.testng.CucumberExceptionWrapper@783a467b]]>
              </value>
            </param>
          </params>
          <exception class="cucumber.runtime.CucumberException">
            <message>
              <![CDATA[Error parsing feature file Feature.feature]]>
            </message>
            <full-stacktrace>
              <![CDATA[cucumber.runtime.CucumberException: Error parsing feature file Feature.feature
at cucumber.runtime.FeatureBuilder.parse(FeatureBuilder.java:133)
at cucumber.runtime.model.CucumberFeature.loadFromFeaturePath(CucumberFeature.java:104)
at cucumber.runtime.model.CucumberFeature.load(CucumberFeature.java:54)
at cucumber.runtime.model.CucumberFeature.load(CucumberFeature.java:34)
at cucumber.runtime.RuntimeOptions.cucumberFeatures(RuntimeOptions.java:239)
at cucumber.api.testng.TestNGCucumberRunner.getFeatures(TestNGCucumberRunner.java:85)
at cucumber.api.testng.TestNGCucumberRunner.provideFeatures(TestNGCucumberRunner.java:94)
at cucumber.api.testng.AbstractTestNGCucumberTests.features(AbstractTestNGCucumberTests.java:29)
at sun.reflect.NativeMethodAccessorImpl.invoke0(Native Method)
at sun.reflect.NativeMethodAccessorImpl.invoke(Unknown Source)
at sun.reflect.DelegatingMethodAccessorImpl.invoke(Unknown Source)
at java.lang.reflect.Method.invoke(Unknown Source)
at org.testng.internal.MethodInvocationHelper.invokeMethod(MethodInvocationHelper.java:124)
at org.testng.internal.MethodInvocationHelper.invokeMethod(MethodInvocationHelper.java:74)
at org.testng.internal.MethodInvocationHelper.invokeMethodNoCheckedException(MethodInvocationHelper.java:45)
at org.testng.internal.MethodInvocationHelper.invokeDataProvider(MethodInvocationHelper.java:131)
at org.testng.internal.Parameters.handleParameters(Parameters.java:706)
at org.testng.internal.ParameterHandler.handleParameters(ParameterHandler.java:49)
at org.testng.internal.ParameterHandler.createParameters(ParameterHandler.java:37)
at org.testng.internal.Invoker.invokeTestMethods(Invoker.java:924)
at org.testng.internal.TestMethodWorker.invokeTestMethods(TestMethodWorker.java:125)
at org.testng.internal.TestMethodWorker.run(TestMethodWorker.java:109)
at org.testng.TestRunner.privateRun(TestRunner.java:648)
at org.testng.TestRunner.run(TestRunner.java:505)
at org.testng.SuiteRunner.runTest(SuiteRunner.java:455)
at org.testng.SuiteRunner.runSequentially(SuiteRunner.java:450)
at org.testng.SuiteRunner.privateRun(SuiteRunner.java:415)
at org.testng.SuiteRunner.run(SuiteRunner.java:364)
at org.testng.SuiteRunnerWorker.runSuite(SuiteRunnerWorker.java:52)
at org.testng.SuiteRunnerWorker.run(SuiteRunnerWorker.java:84)
at org.testng.TestNG.runSuitesSequentially(TestNG.java:1208)
at org.testng.TestNG.runSuitesLocally(TestNG.java:1137)
at org.testng.TestNG.runSuites(TestNG.java:1049)
at org.testng.TestNG.run(TestNG.java:1017)
at org.testng.remote.AbstractRemoteTestNG.run(AbstractRemoteTestNG.java:114)
at org.testng.remote.RemoteTestNG.initAndRun(RemoteTestNG.java:251)
at org.testng.remote.RemoteTestNG.main(RemoteTestNG.java:77)
Caused by: gherkin.lexer.LexingError: Lexing error on line 10: 'Scenario : Verify User Login
Then Enter Login


%_FEATURE_END_%'. See http://wiki.github.com/cucumber/gherkin/lexingerror for more information.
at gherkin.lexer.En.scan(En.java:872)
at gherkin.lexer.I18nLexer.scan(I18nLexer.java:36)
at gherkin.parser.Parser.parse(Parser.java:62)
at cucumber.runtime.FeatureBuilder.parse(FeatureBuilder.java:131)
... 36 more
]]>
            </full-stacktrace>
          </exception> <!-- cucumber.runtime.CucumberException -->
          <reporter-output>
          </reporter-output>
        </test-method> <!-- feature -->
        <test-method status="PASS" signature="tearDownClass()[pri:0, instance:com.capgemini.forestrymanagementcucumber.runner.Runner@53b32d7]" name="tearDownClass" is-config="true" duration-ms="82" started-at="2020-01-25T13:51:59Z" finished-at="2020-01-25T13:51:59Z">
          <reporter-output>
          </reporter-output>
        </test-method> <!-- tearDownClass -->
      </class> <!-- com.capgemini.forestrymanagementcucumber.runner.Runner -->
    </test> <!-- Default test -->
  </suite> <!-- Default suite -->
</testng-results>
