<?xml version="1.0" encoding="UTF-8"?>
<testng-results skipped="0" failed="0" ignored="0" total="1" passed="1">
  <reporter-output>
  </reporter-output>
  <suite name="Default suite" duration-ms="19410" started-at="2020-01-28T02:08:55Z" finished-at="2020-01-28T02:09:15Z">
    <groups>
    </groups>
    <test name="Default test" duration-ms="19410" started-at="2020-01-28T02:08:55Z" finished-at="2020-01-28T02:09:15Z">
      <class name="com.capgemini.forestrymanagementselenium.test.SchedulerLogin">
        <test-method status="PASS" signature="testSchedulerLogin()[pri:0, instance:com.capgemini.forestrymanagementselenium.test.SchedulerLogin@51e69659]" name="testSchedulerLogin" duration-ms="19302" started-at="2020-01-28T02:08:55Z" finished-at="2020-01-28T02:09:15Z">
          <reporter-output>
          </reporter-output>
        </test-method> <!-- testSchedulerLogin -->
      </class> <!-- com.capgemini.forestrymanagementselenium.test.SchedulerLogin -->
    </test> <!-- Default test -->
  </suite> <!-- Default suite -->
</testng-results>
