<?xml version="1.0" encoding="UTF-8"?>
<testng-results skipped="0" failed="0" ignored="0" total="1" passed="1">
  <reporter-output>
  </reporter-output>
  <suite name="Default suite" duration-ms="11728" started-at="2020-02-05T09:44:58Z" finished-at="2020-02-05T09:45:10Z">
    <groups>
    </groups>
    <test name="Default test" duration-ms="11728" started-at="2020-02-05T09:44:58Z" finished-at="2020-02-05T09:45:10Z">
      <class name="com.capgemini.bookmydoctorselenium.TestUpdateDoctorProfile">
        <test-method status="PASS" signature="testTestUpdateDoctor()[pri:0, instance:com.capgemini.bookmydoctorselenium.TestUpdateDoctorProfile@272113c4]" name="testTestUpdateDoctor" duration-ms="11661" started-at="2020-02-05T09:44:59Z" finished-at="2020-02-05T09:45:10Z">
          <reporter-output>
          </reporter-output>
        </test-method> <!-- testTestUpdateDoctor -->
      </class> <!-- com.capgemini.bookmydoctorselenium.TestUpdateDoctorProfile -->
    </test> <!-- Default test -->
  </suite> <!-- Default suite -->
</testng-results>
