<?xml version="1.0" encoding="UTF-8"?>
<testng-results skipped="0" failed="1" total="1" passed="0">
  <reporter-output>
  </reporter-output>
  <suite name="Default suite" duration-ms="929" started-at="2020-01-17T11:02:08Z" finished-at="2020-01-17T11:02:08Z">
    <groups>
      <group name="cucumber">
        <method signature="AbstractTestNGCucumberTests.feature(cucumber.api.testng.CucumberFeatureWrapper)[pri:0, instance:runner.Runner@4501b7af]" name="feature" class="cucumber.api.testng.AbstractTestNGCucumberTests"/>
      </group> <!-- cucumber -->
    </groups>
    <test name="Default test" duration-ms="929" started-at="2020-01-17T11:02:08Z" finished-at="2020-01-17T11:02:08Z">
      <class name="runner.Runner">
        <test-method status="PASS" signature="setUpClass()[pri:0, instance:runner.Runner@4501b7af]" name="setUpClass" is-config="true" duration-ms="634" started-at="2020-01-17T16:32:08Z" finished-at="2020-01-17T16:32:08Z">
          <reporter-output>
          </reporter-output>
        </test-method> <!-- setUpClass -->
        <test-method status="FAIL" signature="feature(cucumber.api.testng.CucumberFeatureWrapper)[pri:0, instance:runner.Runner@4501b7af]" name="feature" duration-ms="10" started-at="2020-01-17T16:32:08Z" description="Runs Cucumber Feature" data-provider="features" finished-at="2020-01-17T16:32:08Z">
          <params>
            <param index="0">
              <value>
                <![CDATA[cucumber.api.testng.CucumberExceptionWrapper@5a56cdac]]>
              </value>
            </param>
          </params>
          <exception class="cucumber.runtime.CucumberException">
            <message>
              <![CDATA[Error parsing feature file ./src/test/java/feature/Feature.feature]]>
            </message>
            <full-stacktrace>
              <![CDATA[cucumber.runtime.CucumberException: Error parsing feature file ./src/test/java/feature/Feature.feature
	at cucumber.runtime.FeatureBuilder.parse(FeatureBuilder.java:133)
	at cucumber.runtime.model.CucumberFeature.loadFromFeaturePath(CucumberFeature.java:104)
	at cucumber.runtime.model.CucumberFeature.load(CucumberFeature.java:54)
	at cucumber.runtime.model.CucumberFeature.load(CucumberFeature.java:34)
	at cucumber.runtime.RuntimeOptions.cucumberFeatures(RuntimeOptions.java:239)
	at cucumber.api.testng.TestNGCucumberRunner.getFeatures(TestNGCucumberRunner.java:85)
	at cucumber.api.testng.TestNGCucumberRunner.provideFeatures(TestNGCucumberRunner.java:94)
	at cucumber.api.testng.AbstractTestNGCucumberTests.features(AbstractTestNGCucumberTests.java:29)
	at sun.reflect.NativeMethodAccessorImpl.invoke0(Native Method)
	at sun.reflect.NativeMethodAccessorImpl.invoke(Unknown Source)
	at sun.reflect.DelegatingMethodAccessorImpl.invoke(Unknown Source)
	at java.lang.reflect.Method.invoke(Unknown Source)
	at org.testng.internal.MethodInvocationHelper.invokeMethod(MethodInvocationHelper.java:86)
	at org.testng.internal.MethodInvocationHelper.invokeDataProvider(MethodInvocationHelper.java:137)
	at org.testng.internal.Parameters.handleParameters(Parameters.java:430)
	at org.testng.internal.Invoker.handleParameters(Invoker.java:1274)
	at org.testng.internal.Invoker.createParameters(Invoker.java:989)
	at org.testng.internal.Invoker.invokeTestMethods(Invoker.java:1079)
	at org.testng.internal.TestMethodWorker.invokeTestMethods(TestMethodWorker.java:129)
	at org.testng.internal.TestMethodWorker.run(TestMethodWorker.java:112)
	at org.testng.TestRunner.privateRun(TestRunner.java:782)
	at org.testng.TestRunner.run(TestRunner.java:632)
	at org.testng.SuiteRunner.runTest(SuiteRunner.java:366)
	at org.testng.SuiteRunner.runSequentially(SuiteRunner.java:361)
	at org.testng.SuiteRunner.privateRun(SuiteRunner.java:319)
	at org.testng.SuiteRunner.run(SuiteRunner.java:268)
	at org.testng.SuiteRunnerWorker.runSuite(SuiteRunnerWorker.java:52)
	at org.testng.SuiteRunnerWorker.run(SuiteRunnerWorker.java:86)
	at org.testng.TestNG.runSuitesSequentially(TestNG.java:1244)
	at org.testng.TestNG.runSuitesLocally(TestNG.java:1169)
	at org.testng.TestNG.run(TestNG.java:1064)
	at org.testng.remote.AbstractRemoteTestNG.run(AbstractRemoteTestNG.java:114)
	at org.testng.remote.RemoteTestNG.initAndRun(RemoteTestNG.java:251)
	at org.testng.remote.RemoteTestNG.main(RemoteTestNG.java:77)
Caused by: gherkin.lexer.LexingError: Lexing error on line 6: 'when User enters credentials to login 
		| admin | manager |
		Then Message displayed Login Successfully
%_FEATURE_END_%'. See http://wiki.github.com/cucumber/gherkin/lexingerror for more information.
	at gherkin.lexer.En.scan(En.java:872)
	at gherkin.lexer.I18nLexer.scan(I18nLexer.java:36)
	at gherkin.parser.Parser.parse(Parser.java:62)
	at cucumber.runtime.FeatureBuilder.parse(FeatureBuilder.java:131)
	... 33 more
]]>
            </full-stacktrace>
          </exception> <!-- cucumber.runtime.CucumberException -->
          <reporter-output>
          </reporter-output>
        </test-method> <!-- feature -->
        <test-method status="PASS" signature="tearDownClass()[pri:0, instance:runner.Runner@4501b7af]" name="tearDownClass" is-config="true" duration-ms="59" started-at="2020-01-17T16:32:08Z" finished-at="2020-01-17T16:32:08Z">
          <reporter-output>
          </reporter-output>
        </test-method> <!-- tearDownClass -->
      </class> <!-- runner.Runner -->
    </test> <!-- Default test -->
  </suite> <!-- Default suite -->
</testng-results>
